<?xml version="1.0" encoding="UTF-8"?>
<testng-results ignored="0" total="1" passed="1" failed="0" skipped="0">
  <reporter-output>
  </reporter-output>
  <suite started-at="2025-04-23T14:50:30 IST" name="Default suite" finished-at="2025-04-23T14:50:34 IST" duration-ms="3701">
    <groups>
    </groups>
    <test started-at="2025-04-23T14:50:30 IST" name="Default test" finished-at="2025-04-23T14:50:34 IST" duration-ms="3701">
      <class name="org.today.tasks.Base">
        <test-method signature="testName()[pri:0, instance:org.today.tasks.Base@6379eb]" started-at="2025-04-23T14:50:30 IST" name="testName" finished-at="2025-04-23T14:50:34 IST" duration-ms="3652" status="PASS">
          <reporter-output>
          </reporter-output>
        </test-method> <!-- testName -->
      </class> <!-- org.today.tasks.Base -->
    </test> <!-- Default test -->
  </suite> <!-- Default suite -->
</testng-results>
