<?xml version="1.0" encoding="UTF-8"?>
<testng-results ignored="1" total="2" passed="1" failed="0" skipped="0">
  <reporter-output>
  </reporter-output>
  <suite started-at="2025-04-23T15:17:22 IST" name="Default suite" finished-at="2025-04-23T15:17:22 IST" duration-ms="77">
    <groups>
    </groups>
    <test started-at="2025-04-23T15:17:22 IST" name="Default test" finished-at="2025-04-23T15:17:22 IST" duration-ms="77">
      <class name="org.today.tasks.Customized">
        <test-method signature="testNames()[pri:0, instance:org.today.tasks.Customized@294425a7]" started-at="2025-04-23T15:17:22 IST" name="testNames" finished-at="2025-04-23T15:17:22 IST" duration-ms="18" status="PASS">
          <reporter-output>
          </reporter-output>
        </test-method> <!-- testNames -->
      </class> <!-- org.today.tasks.Customized -->
    </test> <!-- Default test -->
  </suite> <!-- Default suite -->
</testng-results>
