<?xml version="1.0" encoding="UTF-8"?>
<!-- Generated by org.testng.reporters.JUnitXMLReporter -->
<testsuite ignored="1" hostname="Sasikumar" failures="0" tests="3" name="Default test" time="3.555" errors="0" timestamp="2025-04-04T11:23:21 IST">
  <testcase classname="org.adactin.tests.AdactinOpertions" name="AdactinLogin" time="1.0"/>
  <testcase classname="org.adactin.tests.AdactinOpertions" name="SearchHotel" time="2.06"/>
  <testcase classname="org.adactin.tests.AdactinOpertions" name="selectHotel" time="0.348"/>
  <testcase classname="org.adactin.tests.AdactinOpertions" name="firstOne" time="0.0">
    <ignored/>
  </testcase> <!-- firstOne -->
</testsuite> <!-- Default test -->
