<?xml version="1.0" encoding="UTF-8"?>
<!-- Generated by org.testng.reporters.JUnitXMLReporter -->
<testsuite ignored="3" hostname="Sasikumar" failures="0" tests="4" name="Default test" time="1.986" errors="0" timestamp="2025-04-04T12:33:18 IST">
  <testcase classname="org.adactin.tests.AdactinOpertions" name="AdactinLogin" time="1.091"/>
  <testcase classname="org.adactin.tests.AdactinOpertions" name="SearchHotels" time="0.349"/>
  <testcase classname="org.adactin.tests.AdactinOpertions" name="SearchHotels" time="0.14"/>
  <testcase classname="org.adactin.tests.AdactinOpertions" name="SearchHotels" time="0.23"/>
  <testcase classname="org.adactin.tests.AdactinOpertions" name="selectHotel" time="0.0">
    <ignored/>
  </testcase> <!-- selectHotel -->
  <testcase classname="org.adactin.tests.AdactinOpertions" name="SearchHotel" time="0.0">
    <ignored/>
  </testcase> <!-- SearchHotel -->
  <testcase classname="org.adactin.tests.AdactinOpertions" name="firstOne" time="0.0">
    <ignored/>
  </testcase> <!-- firstOne -->
</testsuite> <!-- Default test -->
